2024-11-14 13:29:03.713 Start running                                                                                                                                                        qust-api/src/ctp/ctp_wrapper.rs:635
2024-11-14 13:29:03.713 api version v6.7.2_20230913 10:48:10.4926                                                                                                                                                        qust-api/src/ctp/ctp_wrapper.rs:607
2024-11-14 13:29:04.824 td connected                                                                                                                                                        qust-api/src/ctp/ctp_wrapper.rs:369
2024-11-14 13:29:05.714 md connected                                                                                                                                                        qust-api/src/ctp/ctp_wrapper.rs:290
2024-11-14 13:29:05.750 md login msg: CTP:No Error                                                                                                                                                        qust-api/src/ctp/ctp_wrapper.rs:311
2024-11-14 13:29:05.750 md login success                                                                                                                                                        qust-api/src/ctp/ctp_wrapper.rs:316
2024-11-14 13:29:06.783 authenticate success                                                                                                                                                        qust-api/src/ctp/ctp_wrapper.rs:389
2024-11-14 13:29:12.069 td login success                                                                                                                                                        qust-api/src/ctp/ctp_wrapper.rs:400
2024-11-14 13:29:12.103 settlement info confirm                                                                                                                                                        qust-api/src/ctp/ctp_wrapper.rs:412
2024-11-14 13:29:16.072 subscribe market data res, i2501: CTP:No Error                                                                                                                                                        qust-api/src/ctp/ctp_wrapper.rs:326
2024-11-14 13:30:57.035 in running and in trading, get in trading                                                                                                                                                        qust-api/src/ctp/ctp_wrapper.rs:652
2024-11-14 13:35:57.035 in running and in trading, get in trading                                                                                                                                                        qust-api/src/ctp/ctp_wrapper.rs:652
2024-11-14 13:40:57.035 in running and in trading, get in trading                                                                                                                                                        qust-api/src/ctp/ctp_wrapper.rs:652
2024-11-14 13:45:57.035 in running and in trading, get in trading                                                                                                                                                        qust-api/src/ctp/ctp_wrapper.rs:652
2024-11-14 13:48:21.004 md disconnected                                                                                                                                                        qust-api/src/ctp/ctp_wrapper.rs:293
2024-11-14 13:48:21.004 try to reconnect md                                                                                                                                                        qust-api/src/ctp/ctp_wrapper.rs:295
2024-11-14 13:48:26.997 md disconnected                                                                                                                                                        qust-api/src/ctp/ctp_wrapper.rs:293
2024-11-14 13:48:26.997 try to reconnect md                                                                                                                                                        qust-api/src/ctp/ctp_wrapper.rs:295
2024-11-14 13:48:32.002 md disconnected                                                                                                                                                        qust-api/src/ctp/ctp_wrapper.rs:293
2024-11-14 13:48:32.002 try to reconnect md                                                                                                                                                        qust-api/src/ctp/ctp_wrapper.rs:295
2024-11-14 13:48:35.106 md disconnected                                                                                                                                                        qust-api/src/ctp/ctp_wrapper.rs:293
2024-11-14 13:48:35.106 try to reconnect md                                                                                                                                                        qust-api/src/ctp/ctp_wrapper.rs:295
2024-11-14 13:48:37.106 md connected                                                                                                                                                        qust-api/src/ctp/ctp_wrapper.rs:290
2024-11-14 13:48:37.147 md login msg: CTP:No Error                                                                                                                                                        qust-api/src/ctp/ctp_wrapper.rs:311
2024-11-14 13:48:37.147 md login success                                                                                                                                                        qust-api/src/ctp/ctp_wrapper.rs:316
2024-11-14 13:48:37.147 subscribe market data res, i2501: CTP:No Error                                                                                                                                                        qust-api/src/ctp/ctp_wrapper.rs:326
2024-11-14 13:50:57.035 in running and in trading, get in trading                                                                                                                                                        qust-api/src/ctp/ctp_wrapper.rs:652
2024-11-14 13:55:57.036 in running and in trading, get in trading                                                                                                                                                        qust-api/src/ctp/ctp_wrapper.rs:652
2024-11-14 14:00:57.036 in running and in trading, get in trading                                                                                                                                                        qust-api/src/ctp/ctp_wrapper.rs:652
2024-11-14 14:05:57.036 in running and in trading, get in trading                                                                                                                                                        qust-api/src/ctp/ctp_wrapper.rs:652
2024-11-14 14:10:57.036 in running and in trading, get in trading                                                                                                                                                        qust-api/src/ctp/ctp_wrapper.rs:652
2024-11-14 14:15:57.037 in running and in trading, get in trading                                                                                                                                                        qust-api/src/ctp/ctp_wrapper.rs:652
2024-11-14 14:20:46.953 hear beat warning: CThostFtdcTraderSpiOnHeartBeatWarningPacket { n_time_lapse: 61 }                                                                                                                                                        qust-api/src/ctp/ctp_wrapper.rs:482
2024-11-14 14:20:56.452 md disconnected                                                                                                                                                        qust-api/src/ctp/ctp_wrapper.rs:293
2024-11-14 14:20:56.452 try to reconnect md                                                                                                                                                        qust-api/src/ctp/ctp_wrapper.rs:295
2024-11-14 14:20:57.037 in running and in trading, get in trading                                                                                                                                                        qust-api/src/ctp/ctp_wrapper.rs:652
2024-11-14 14:20:57.452 md connected                                                                                                                                                        qust-api/src/ctp/ctp_wrapper.rs:290
2024-11-14 14:20:57.490 md login msg: CTP:No Error                                                                                                                                                        qust-api/src/ctp/ctp_wrapper.rs:311
2024-11-14 14:20:57.490 md login success                                                                                                                                                        qust-api/src/ctp/ctp_wrapper.rs:316
2024-11-14 14:20:57.490 subscribe market data res, i2501: CTP:No Error                                                                                                                                                        qust-api/src/ctp/ctp_wrapper.rs:326
2024-11-14 14:20:59.148 td disconnected, try again..                                                                                                                                                        qust-api/src/ctp/ctp_wrapper.rs:373
2024-11-14 14:20:59.148 try to reconnect td...                                                                                                                                                        qust-api/src/ctp/ctp_wrapper.rs:375
2024-11-14 14:21:00.148 td connected                                                                                                                                                        qust-api/src/ctp/ctp_wrapper.rs:369
2024-11-14 14:21:00.186 td login success                                                                                                                                                        qust-api/src/ctp/ctp_wrapper.rs:400
2024-11-14 14:21:00.223 settlement info confirm                                                                                                                                                        qust-api/src/ctp/ctp_wrapper.rs:412
2024-11-14 14:25:57.037 in running and in trading, get in trading                                                                                                                                                        qust-api/src/ctp/ctp_wrapper.rs:652
2024-11-14 14:30:57.037 in running and in trading, get in trading                                                                                                                                                        qust-api/src/ctp/ctp_wrapper.rs:652
2024-11-14 14:35:57.038 in running and in trading, get in trading                                                                                                                                                        qust-api/src/ctp/ctp_wrapper.rs:652
